[debug] [2025-04-13T05:27:50.615Z] ----------------------------------------------------------------------
[debug] [2025-04-13T05:27:50.618Z] Command:       /Users/macbook/.nvm/versions/node/v22.14.0/bin/node /Users/macbook/.nvm/versions/node/v22.14.0/bin/firebase deploy --only functions
[debug] [2025-04-13T05:27:50.619Z] CLI Version:   14.1.0
[debug] [2025-04-13T05:27:50.619Z] Platform:      darwin
[debug] [2025-04-13T05:27:50.619Z] Node Version:  v22.14.0
[debug] [2025-04-13T05:27:50.619Z] Time:          Sun Apr 13 2025 12:27:50 GMT+0700 (Western Indonesia Time)
[debug] [2025-04-13T05:27:50.619Z] ----------------------------------------------------------------------
[debug] 
[debug] [2025-04-13T05:27:50.862Z] > command requires scopes: ["email","openid","https://www.googleapis.com/auth/cloudplatformprojects.readonly","https://www.googleapis.com/auth/firebase","https://www.googleapis.com/auth/cloud-platform"]
[debug] [2025-04-13T05:27:50.862Z] > authorizing via signed-in user (alyanisnst@gmail.com)
[debug] [2025-04-13T05:27:50.863Z] [iam] checking project teamupapp-b6cc1 for permissions ["cloudfunctions.functions.create","cloudfunctions.functions.delete","cloudfunctions.functions.get","cloudfunctions.functions.list","cloudfunctions.functions.update","cloudfunctions.operations.get","firebase.projects.get"]
[debug] [2025-04-13T05:27:50.864Z] Checked if tokens are valid: true, expires at: 1744524594340
[debug] [2025-04-13T05:27:50.864Z] Checked if tokens are valid: true, expires at: 1744524594340
[debug] [2025-04-13T05:27:50.865Z] >>> [apiv2][query] POST https://cloudresourcemanager.googleapis.com/v1/projects/teamupapp-b6cc1:testIamPermissions [none]
[debug] [2025-04-13T05:27:50.865Z] >>> [apiv2][(partial)header] POST https://cloudresourcemanager.googleapis.com/v1/projects/teamupapp-b6cc1:testIamPermissions x-goog-quota-user=projects/teamupapp-b6cc1
[debug] [2025-04-13T05:27:50.865Z] >>> [apiv2][body] POST https://cloudresourcemanager.googleapis.com/v1/projects/teamupapp-b6cc1:testIamPermissions {"permissions":["cloudfunctions.functions.create","cloudfunctions.functions.delete","cloudfunctions.functions.get","cloudfunctions.functions.list","cloudfunctions.functions.update","cloudfunctions.operations.get","firebase.projects.get"]}
[debug] [2025-04-13T05:27:52.139Z] <<< [apiv2][status] POST https://cloudresourcemanager.googleapis.com/v1/projects/teamupapp-b6cc1:testIamPermissions 200
[debug] [2025-04-13T05:27:52.139Z] <<< [apiv2][body] POST https://cloudresourcemanager.googleapis.com/v1/projects/teamupapp-b6cc1:testIamPermissions {"permissions":["cloudfunctions.functions.create","cloudfunctions.functions.delete","cloudfunctions.functions.get","cloudfunctions.functions.list","cloudfunctions.functions.update","cloudfunctions.operations.get","firebase.projects.get"]}
[debug] [2025-04-13T05:27:52.139Z] Checked if tokens are valid: true, expires at: 1744524594340
[debug] [2025-04-13T05:27:52.139Z] Checked if tokens are valid: true, expires at: 1744524594340
[debug] [2025-04-13T05:27:52.140Z] >>> [apiv2][query] POST https://iam.googleapis.com/v1/projects/teamupapp-b6cc1/serviceAccounts/teamupapp-b6cc1@appspot.gserviceaccount.com:testIamPermissions [none]
[debug] [2025-04-13T05:27:52.140Z] >>> [apiv2][body] POST https://iam.googleapis.com/v1/projects/teamupapp-b6cc1/serviceAccounts/teamupapp-b6cc1@appspot.gserviceaccount.com:testIamPermissions {"permissions":["iam.serviceAccounts.actAs"]}
[debug] [2025-04-13T05:27:53.492Z] <<< [apiv2][status] POST https://iam.googleapis.com/v1/projects/teamupapp-b6cc1/serviceAccounts/teamupapp-b6cc1@appspot.gserviceaccount.com:testIamPermissions 200
[debug] [2025-04-13T05:27:53.492Z] <<< [apiv2][body] POST https://iam.googleapis.com/v1/projects/teamupapp-b6cc1/serviceAccounts/teamupapp-b6cc1@appspot.gserviceaccount.com:testIamPermissions {"permissions":["iam.serviceAccounts.actAs"]}
[info] 
[info] === Deploying to 'teamupapp-b6cc1'...
[info] 
[info] i  deploying functions 
[debug] [2025-04-13T05:27:53.495Z] Checked if tokens are valid: true, expires at: 1744524594340
[debug] [2025-04-13T05:27:53.495Z] Checked if tokens are valid: true, expires at: 1744524594340
[debug] [2025-04-13T05:27:53.496Z] >>> [apiv2][query] GET https://cloudresourcemanager.googleapis.com/v1/projects/teamupapp-b6cc1 [none]
[debug] [2025-04-13T05:27:53.780Z] <<< [apiv2][status] GET https://cloudresourcemanager.googleapis.com/v1/projects/teamupapp-b6cc1 200
[debug] [2025-04-13T05:27:53.780Z] <<< [apiv2][body] GET https://cloudresourcemanager.googleapis.com/v1/projects/teamupapp-b6cc1 {"projectNumber":"1034394758478","projectId":"teamupapp-b6cc1","lifecycleState":"ACTIVE","name":"TeamUpApp","labels":{"firebase":"enabled","firebase-core":"disabled"},"createTime":"2025-03-17T06:10:41.442005Z"}
[info] i  functions: preparing codebase default for deployment 
[info] i  functions: ensuring required API cloudfunctions.googleapis.com is enabled... 
[debug] [2025-04-13T05:27:53.782Z] Checked if tokens are valid: true, expires at: 1744524594340
[debug] [2025-04-13T05:27:53.782Z] Checked if tokens are valid: true, expires at: 1744524594340
[debug] [2025-04-13T05:27:53.782Z] Checked if tokens are valid: true, expires at: 1744524594340
[debug] [2025-04-13T05:27:53.782Z] Checked if tokens are valid: true, expires at: 1744524594340
[info] i  functions: ensuring required API cloudbuild.googleapis.com is enabled... 
[debug] [2025-04-13T05:27:53.782Z] Checked if tokens are valid: true, expires at: 1744524594340
[debug] [2025-04-13T05:27:53.783Z] Checked if tokens are valid: true, expires at: 1744524594340
[info] i  artifactregistry: ensuring required API artifactregistry.googleapis.com is enabled... 
[debug] [2025-04-13T05:27:53.783Z] Checked if tokens are valid: true, expires at: 1744524594340
[debug] [2025-04-13T05:27:53.783Z] Checked if tokens are valid: true, expires at: 1744524594340
[debug] [2025-04-13T05:27:53.783Z] >>> [apiv2][query] GET https://serviceusage.googleapis.com/v1/projects/teamupapp-b6cc1/services/cloudfunctions.googleapis.com [none]
[debug] [2025-04-13T05:27:53.783Z] >>> [apiv2][(partial)header] GET https://serviceusage.googleapis.com/v1/projects/teamupapp-b6cc1/services/cloudfunctions.googleapis.com x-goog-quota-user=projects/teamupapp-b6cc1
[debug] [2025-04-13T05:27:53.785Z] >>> [apiv2][query] GET https://serviceusage.googleapis.com/v1/projects/teamupapp-b6cc1/services/runtimeconfig.googleapis.com [none]
[debug] [2025-04-13T05:27:53.785Z] >>> [apiv2][(partial)header] GET https://serviceusage.googleapis.com/v1/projects/teamupapp-b6cc1/services/runtimeconfig.googleapis.com x-goog-quota-user=projects/teamupapp-b6cc1
[debug] [2025-04-13T05:27:53.786Z] >>> [apiv2][query] GET https://serviceusage.googleapis.com/v1/projects/teamupapp-b6cc1/services/cloudbuild.googleapis.com [none]
[debug] [2025-04-13T05:27:53.786Z] >>> [apiv2][(partial)header] GET https://serviceusage.googleapis.com/v1/projects/teamupapp-b6cc1/services/cloudbuild.googleapis.com x-goog-quota-user=projects/teamupapp-b6cc1
[debug] [2025-04-13T05:27:53.787Z] >>> [apiv2][query] GET https://serviceusage.googleapis.com/v1/projects/teamupapp-b6cc1/services/artifactregistry.googleapis.com [none]
[debug] [2025-04-13T05:27:53.787Z] >>> [apiv2][(partial)header] GET https://serviceusage.googleapis.com/v1/projects/teamupapp-b6cc1/services/artifactregistry.googleapis.com x-goog-quota-user=projects/teamupapp-b6cc1
[debug] [2025-04-13T05:27:55.211Z] <<< [apiv2][status] GET https://serviceusage.googleapis.com/v1/projects/teamupapp-b6cc1/services/runtimeconfig.googleapis.com 200
[debug] [2025-04-13T05:27:55.211Z] <<< [apiv2][body] GET https://serviceusage.googleapis.com/v1/projects/teamupapp-b6cc1/services/runtimeconfig.googleapis.com [omitted]
[debug] [2025-04-13T05:27:55.212Z] <<< [apiv2][status] GET https://serviceusage.googleapis.com/v1/projects/teamupapp-b6cc1/services/cloudbuild.googleapis.com 200
[debug] [2025-04-13T05:27:55.212Z] <<< [apiv2][body] GET https://serviceusage.googleapis.com/v1/projects/teamupapp-b6cc1/services/cloudbuild.googleapis.com [omitted]
[info] ✔  functions: required API cloudbuild.googleapis.com is enabled 
[debug] [2025-04-13T05:27:55.214Z] <<< [apiv2][status] GET https://serviceusage.googleapis.com/v1/projects/teamupapp-b6cc1/services/artifactregistry.googleapis.com 200
[debug] [2025-04-13T05:27:55.214Z] <<< [apiv2][body] GET https://serviceusage.googleapis.com/v1/projects/teamupapp-b6cc1/services/artifactregistry.googleapis.com [omitted]
[info] ✔  artifactregistry: required API artifactregistry.googleapis.com is enabled 
[debug] [2025-04-13T05:27:55.217Z] <<< [apiv2][status] GET https://serviceusage.googleapis.com/v1/projects/teamupapp-b6cc1/services/cloudfunctions.googleapis.com 200
[debug] [2025-04-13T05:27:55.217Z] <<< [apiv2][body] GET https://serviceusage.googleapis.com/v1/projects/teamupapp-b6cc1/services/cloudfunctions.googleapis.com [omitted]
[info] ✔  functions: required API cloudfunctions.googleapis.com is enabled 
[debug] [2025-04-13T05:27:55.218Z] Checked if tokens are valid: true, expires at: 1744524594340
[debug] [2025-04-13T05:27:55.218Z] Checked if tokens are valid: true, expires at: 1744524594340
[debug] [2025-04-13T05:27:55.218Z] >>> [apiv2][query] GET https://firebase.googleapis.com/v1beta1/projects/teamupapp-b6cc1/adminSdkConfig [none]
[debug] [2025-04-13T05:27:55.821Z] <<< [apiv2][status] GET https://firebase.googleapis.com/v1beta1/projects/teamupapp-b6cc1/adminSdkConfig 200
[debug] [2025-04-13T05:27:55.821Z] <<< [apiv2][body] GET https://firebase.googleapis.com/v1beta1/projects/teamupapp-b6cc1/adminSdkConfig {"projectId":"teamupapp-b6cc1","storageBucket":"teamupapp-b6cc1.firebasestorage.app"}
[debug] [2025-04-13T05:27:55.822Z] Checked if tokens are valid: true, expires at: 1744524594340
[debug] [2025-04-13T05:27:55.822Z] Checked if tokens are valid: true, expires at: 1744524594340
[debug] [2025-04-13T05:27:55.822Z] >>> [apiv2][query] GET https://runtimeconfig.googleapis.com/v1beta1/projects/teamupapp-b6cc1/configs [none]
[debug] [2025-04-13T05:27:57.251Z] <<< [apiv2][status] GET https://runtimeconfig.googleapis.com/v1beta1/projects/teamupapp-b6cc1/configs 200
[debug] [2025-04-13T05:27:57.251Z] <<< [apiv2][body] GET https://runtimeconfig.googleapis.com/v1beta1/projects/teamupapp-b6cc1/configs {}
[debug] [2025-04-13T05:27:57.253Z] Validating nodejs source
[warn] ⚠  functions: package.json indicates an outdated version of firebase-functions. Please upgrade using npm install --save firebase-functions@latest in your functions directory. 
[warn] ⚠  functions: Please note that there will be breaking changes when you upgrade. 
[debug] [2025-04-13T05:27:58.237Z] > [functions] package.json contents: {
  "name": "functions",
  "description": "Cloud Functions for Firebase",
  "scripts": {
    "serve": "firebase emulators:start --only functions",
    "shell": "firebase functions:shell",
    "start": "npm run shell",
    "deploy": "firebase deploy --only functions",
    "logs": "firebase functions:log"
  },
  "engines": {
    "node": "20"
  },
  "main": "index.js",
  "dependencies": {
    "firebase-admin": "^11.10.1",
    "firebase-functions": "^3.23.0",
    "nodemailer": "^6.10.0"
  },
  "devDependencies": {
    "firebase-functions-test": "^3.4.1"
  },
  "private": true
}
[debug] [2025-04-13T05:27:58.237Z] Building nodejs source
[info] i  functions: Loading and analyzing source code for codebase default to determine what to deploy 
[info] i  functions: You are using a version of firebase-functions SDK (3.24.1) that does not have support for the newest Firebase Extensions features. Please update firebase-functions SDK to >=5.1.0 to use them correctly 
[debug] [2025-04-13T05:27:58.238Z] Could not find functions.yaml. Must use http discovery
[debug] [2025-04-13T05:27:58.248Z] Found firebase-functions binary at '/Users/macbook/Documents/Alya/Semester4/Proyek4/TeamUp/functions/node_modules/.bin/firebase-functions'
[info] Serving at port 8236

[debug] [2025-04-13T05:27:59.156Z] Got response from /__/functions.yaml {"endpoints":{"sendCustomVerificationEmail":{"platform":"gcfv1","eventTrigger":{"eventType":"providers/firebase.auth/eventTypes/user.create","eventFilters":{"resource":"projects/teamupapp-b6cc1"},"retry":false},"labels":{},"entryPoint":"sendCustomVerificationEmail"}},"specVersion":"v1alpha1","requiredAPIs":[]}
[info] shutdown requested via /__/quitquitquit

[info] i  functions: preparing functions directory for uploading... 
[info] i  functions: packaged /Users/macbook/Documents/Alya/Semester4/Proyek4/TeamUp/functions (39.24 KB) for uploading 
[debug] [2025-04-13T05:28:03.229Z] Checked if tokens are valid: true, expires at: 1744524594340
[debug] [2025-04-13T05:28:03.229Z] Checked if tokens are valid: true, expires at: 1744524594340
[debug] [2025-04-13T05:28:03.230Z] >>> [apiv2][query] GET https://cloudfunctions.googleapis.com/v1/projects/teamupapp-b6cc1/locations/-/functions [none]
[debug] [2025-04-13T05:28:04.023Z] <<< [apiv2][status] GET https://cloudfunctions.googleapis.com/v1/projects/teamupapp-b6cc1/locations/-/functions 200
[debug] [2025-04-13T05:28:04.023Z] <<< [apiv2][body] GET https://cloudfunctions.googleapis.com/v1/projects/teamupapp-b6cc1/locations/-/functions {}
[debug] [2025-04-13T05:28:04.024Z] Checked if tokens are valid: true, expires at: 1744524594340
[debug] [2025-04-13T05:28:04.024Z] Checked if tokens are valid: true, expires at: 1744524594340
[debug] [2025-04-13T05:28:04.025Z] >>> [apiv2][query] GET https://cloudfunctions.googleapis.com/v2/projects/teamupapp-b6cc1/locations/-/functions filter=environment%3D%22GEN_2%22
[debug] [2025-04-13T05:28:05.602Z] <<< [apiv2][status] GET https://cloudfunctions.googleapis.com/v2/projects/teamupapp-b6cc1/locations/-/functions 200
[debug] [2025-04-13T05:28:05.602Z] <<< [apiv2][body] GET https://cloudfunctions.googleapis.com/v2/projects/teamupapp-b6cc1/locations/-/functions {}
[debug] [2025-04-13T05:28:05.606Z] Checked if tokens are valid: true, expires at: 1744524594340
[debug] [2025-04-13T05:28:05.606Z] Checked if tokens are valid: true, expires at: 1744524594340
[debug] [2025-04-13T05:28:05.606Z] >>> [apiv2][query] GET https://cloudresourcemanager.googleapis.com/v1/projects/teamupapp-b6cc1 [none]
[debug] [2025-04-13T05:28:06.735Z] <<< [apiv2][status] GET https://cloudresourcemanager.googleapis.com/v1/projects/teamupapp-b6cc1 200
[debug] [2025-04-13T05:28:06.735Z] <<< [apiv2][body] GET https://cloudresourcemanager.googleapis.com/v1/projects/teamupapp-b6cc1 {"projectNumber":"1034394758478","projectId":"teamupapp-b6cc1","lifecycleState":"ACTIVE","name":"TeamUpApp","labels":{"firebase":"enabled","firebase-core":"disabled"},"createTime":"2025-03-17T06:10:41.442005Z"}
[debug] [2025-04-13T05:28:06.737Z] Checked if tokens are valid: true, expires at: 1744524594340
[debug] [2025-04-13T05:28:06.737Z] Checked if tokens are valid: true, expires at: 1744524594340
[debug] [2025-04-13T05:28:06.737Z] >>> [apiv2][query] POST https://cloudfunctions.googleapis.com/v1/projects/teamupapp-b6cc1/locations/us-central1/functions:generateUploadUrl [none]
[debug] [2025-04-13T05:28:06.737Z] >>> [apiv2][body] POST https://cloudfunctions.googleapis.com/v1/projects/teamupapp-b6cc1/locations/us-central1/functions:generateUploadUrl {}
[debug] [2025-04-13T05:28:17.939Z] <<< [apiv2][status] POST https://cloudfunctions.googleapis.com/v1/projects/teamupapp-b6cc1/locations/us-central1/functions:generateUploadUrl 200
[debug] [2025-04-13T05:28:17.940Z] <<< [apiv2][body] POST https://cloudfunctions.googleapis.com/v1/projects/teamupapp-b6cc1/locations/us-central1/functions:generateUploadUrl {"uploadUrl":"https://storage.googleapis.com/uploads-413945912463.us-central1.cloudfunctions.appspot.com/a4996979-673d-4c4d-8935-5b3c31d6605b.zip?GoogleAccessId=service-1034394758478@gcf-admin-robot.iam.gserviceaccount.com&Expires=1744523897&Signature=FnayW2x0EVdmuVoFRHDpXd9CpofriMGzhtAdtuA6X7QW0oWa5OP8vXDevfWweclJy9WT9YDhI8%2FYy%2BkQ%2F7UonBzglS3SFv6JOS08Vfl7LQDqJk56CCIUvweX4jsHZTI63klQLPx3yo4KQO0yKNMqRYjGMUE0DgydOdI0Tn6KYo1wPKS9aca2vCIixePP9RjRzyPdyuim1zyxDmTixGhqBmmDOiHSp90oYzK65VipnwjC50%2BrLjuzN0FnrGfbi1pMKYVGrVw8QRkwegfODp%2BZhZ%2BYeC%2BcFIjblnO9Lk1pInW6bGzgOk1yo%2F2A6f%2BFG5Hxoj0CAfX7NsKlqSvC%2FjWuHA%3D%3D"}
[debug] [2025-04-13T05:28:17.941Z] >>> [apiv2][query] PUT https://storage.googleapis.com/uploads-413945912463.us-central1.cloudfunctions.appspot.com/a4996979-673d-4c4d-8935-5b3c31d6605b.zip GoogleAccessId=service-1034394758478%40gcf-admin-robot.iam.gserviceaccount.com&Expires=1744523897&Signature=FnayW2x0EVdmuVoFRHDpXd9CpofriMGzhtAdtuA6X7QW0oWa5OP8vXDevfWweclJy9WT9YDhI8%2FYy%2BkQ%2F7UonBzglS3SFv6JOS08Vfl7LQDqJk56CCIUvweX4jsHZTI63klQLPx3yo4KQO0yKNMqRYjGMUE0DgydOdI0Tn6KYo1wPKS9aca2vCIixePP9RjRzyPdyuim1zyxDmTixGhqBmmDOiHSp90oYzK65VipnwjC50%2BrLjuzN0FnrGfbi1pMKYVGrVw8QRkwegfODp%2BZhZ%2BYeC%2BcFIjblnO9Lk1pInW6bGzgOk1yo%2F2A6f%2BFG5Hxoj0CAfX7NsKlqSvC%2FjWuHA%3D%3D
[debug] [2025-04-13T05:28:17.941Z] >>> [apiv2][body] PUT https://storage.googleapis.com/uploads-413945912463.us-central1.cloudfunctions.appspot.com/a4996979-673d-4c4d-8935-5b3c31d6605b.zip [stream]
[debug] [2025-04-13T05:28:18.841Z] <<< [apiv2][status] PUT https://storage.googleapis.com/uploads-413945912463.us-central1.cloudfunctions.appspot.com/a4996979-673d-4c4d-8935-5b3c31d6605b.zip 200
[debug] [2025-04-13T05:28:18.841Z] <<< [apiv2][body] PUT https://storage.googleapis.com/uploads-413945912463.us-central1.cloudfunctions.appspot.com/a4996979-673d-4c4d-8935-5b3c31d6605b.zip [omitted]
[info] ✔  functions: functions folder uploaded successfully 
[info] i  functions: creating Node.js 20 (1st Gen) function sendCustomVerificationEmail(us-central1)... 
[debug] [2025-04-13T05:28:18.847Z] Checked if tokens are valid: true, expires at: 1744524594340
[debug] [2025-04-13T05:28:18.847Z] Checked if tokens are valid: true, expires at: 1744524594340
[debug] [2025-04-13T05:28:18.847Z] >>> [apiv2][query] POST https://cloudfunctions.googleapis.com/v1/projects/teamupapp-b6cc1/locations/us-central1/functions [none]
[debug] [2025-04-13T05:28:18.847Z] >>> [apiv2][body] POST https://cloudfunctions.googleapis.com/v1/projects/teamupapp-b6cc1/locations/us-central1/functions {"name":"projects/teamupapp-b6cc1/locations/us-central1/functions/sendCustomVerificationEmail","sourceUploadUrl":"https://storage.googleapis.com/uploads-413945912463.us-central1.cloudfunctions.appspot.com/a4996979-673d-4c4d-8935-5b3c31d6605b.zip?GoogleAccessId=service-1034394758478@gcf-admin-robot.iam.gserviceaccount.com&Expires=1744523897&Signature=FnayW2x0EVdmuVoFRHDpXd9CpofriMGzhtAdtuA6X7QW0oWa5OP8vXDevfWweclJy9WT9YDhI8%2FYy%2BkQ%2F7UonBzglS3SFv6JOS08Vfl7LQDqJk56CCIUvweX4jsHZTI63klQLPx3yo4KQO0yKNMqRYjGMUE0DgydOdI0Tn6KYo1wPKS9aca2vCIixePP9RjRzyPdyuim1zyxDmTixGhqBmmDOiHSp90oYzK65VipnwjC50%2BrLjuzN0FnrGfbi1pMKYVGrVw8QRkwegfODp%2BZhZ%2BYeC%2BcFIjblnO9Lk1pInW6bGzgOk1yo%2F2A6f%2BFG5Hxoj0CAfX7NsKlqSvC%2FjWuHA%3D%3D","entryPoint":"sendCustomVerificationEmail","runtime":"nodejs20","dockerRegistry":"ARTIFACT_REGISTRY","labels":{"deployment-tool":"cli-firebase","firebase-functions-hash":"4e62516283e9571f8501d857d896c953609c0416"},"eventTrigger":{"eventType":"providers/firebase.auth/eventTypes/user.create","resource":"projects/teamupapp-b6cc1"},"environmentVariables":{"FIREBASE_CONFIG":"{\"projectId\":\"teamupapp-b6cc1\",\"storageBucket\":\"teamupapp-b6cc1.firebasestorage.app\"}","GCLOUD_PROJECT":"teamupapp-b6cc1","EVENTARC_CLOUD_EVENT_SOURCE":"projects/teamupapp-b6cc1/locations/us-central1/functions/sendCustomVerificationEmail"},"buildEnvironmentVariables":{"GOOGLE_NODE_RUN_SCRIPTS":""}}
[debug] [2025-04-13T05:28:20.800Z] <<< [apiv2][status] POST https://cloudfunctions.googleapis.com/v1/projects/teamupapp-b6cc1/locations/us-central1/functions 200
[debug] [2025-04-13T05:28:20.800Z] <<< [apiv2][body] POST https://cloudfunctions.googleapis.com/v1/projects/teamupapp-b6cc1/locations/us-central1/functions {"name":"operations/cHJvamVjdHMvdGVhbXVwYXBwLWI2Y2MxL2xvY2F0aW9ucy91cy1jZW50cmFsMS9vcGVyYXRpb25zL29wZXJhdGlvbi0xNzQ0NTIyMDk5MTQ1LTYzMmEyMzQwNWJiODAtYTM0MTllNmUtZWNkMTFkMDY","metadata":{"@type":"type.googleapis.com/google.cloud.functions.v1.OperationMetadataV1","target":"projects/teamupapp-b6cc1/locations/us-central1/functions/sendCustomVerificationEmail","updateTime":"2025-04-13T05:28:20.583448029Z"}}
[debug] [2025-04-13T05:28:20.801Z] Checked if tokens are valid: true, expires at: 1744524594340
[debug] [2025-04-13T05:28:20.801Z] Checked if tokens are valid: true, expires at: 1744524594340
[debug] [2025-04-13T05:28:20.801Z] >>> [apiv2][query] GET https://cloudfunctions.googleapis.com/v1/operations/cHJvamVjdHMvdGVhbXVwYXBwLWI2Y2MxL2xvY2F0aW9ucy91cy1jZW50cmFsMS9vcGVyYXRpb25zL29wZXJhdGlvbi0xNzQ0NTIyMDk5MTQ1LTYzMmEyMzQwNWJiODAtYTM0MTllNmUtZWNkMTFkMDY [none]
[debug] [2025-04-13T05:28:21.210Z] <<< [apiv2][status] GET https://cloudfunctions.googleapis.com/v1/operations/cHJvamVjdHMvdGVhbXVwYXBwLWI2Y2MxL2xvY2F0aW9ucy91cy1jZW50cmFsMS9vcGVyYXRpb25zL29wZXJhdGlvbi0xNzQ0NTIyMDk5MTQ1LTYzMmEyMzQwNWJiODAtYTM0MTllNmUtZWNkMTFkMDY 200
[debug] [2025-04-13T05:28:21.210Z] <<< [apiv2][body] GET https://cloudfunctions.googleapis.com/v1/operations/cHJvamVjdHMvdGVhbXVwYXBwLWI2Y2MxL2xvY2F0aW9ucy91cy1jZW50cmFsMS9vcGVyYXRpb25zL29wZXJhdGlvbi0xNzQ0NTIyMDk5MTQ1LTYzMmEyMzQwNWJiODAtYTM0MTllNmUtZWNkMTFkMDY {"name":"operations/cHJvamVjdHMvdGVhbXVwYXBwLWI2Y2MxL2xvY2F0aW9ucy91cy1jZW50cmFsMS9vcGVyYXRpb25zL29wZXJhdGlvbi0xNzQ0NTIyMDk5MTQ1LTYzMmEyMzQwNWJiODAtYTM0MTllNmUtZWNkMTFkMDY","metadata":{"@type":"type.googleapis.com/google.cloud.functions.v1.OperationMetadataV1","target":"projects/teamupapp-b6cc1/locations/us-central1/functions/sendCustomVerificationEmail","updateTime":"2025-04-13T05:28:20.583448029Z"}}
[debug] [2025-04-13T05:28:21.710Z] [create-default-us-central1-sendCustomVerificationEmail] Retrying task index 0
[debug] [2025-04-13T05:28:21.710Z] Checked if tokens are valid: true, expires at: 1744524594340
[debug] [2025-04-13T05:28:21.710Z] Checked if tokens are valid: true, expires at: 1744524594340
[debug] [2025-04-13T05:28:21.711Z] >>> [apiv2][query] GET https://cloudfunctions.googleapis.com/v1/operations/cHJvamVjdHMvdGVhbXVwYXBwLWI2Y2MxL2xvY2F0aW9ucy91cy1jZW50cmFsMS9vcGVyYXRpb25zL29wZXJhdGlvbi0xNzQ0NTIyMDk5MTQ1LTYzMmEyMzQwNWJiODAtYTM0MTllNmUtZWNkMTFkMDY [none]
[debug] [2025-04-13T05:28:22.337Z] <<< [apiv2][status] GET https://cloudfunctions.googleapis.com/v1/operations/cHJvamVjdHMvdGVhbXVwYXBwLWI2Y2MxL2xvY2F0aW9ucy91cy1jZW50cmFsMS9vcGVyYXRpb25zL29wZXJhdGlvbi0xNzQ0NTIyMDk5MTQ1LTYzMmEyMzQwNWJiODAtYTM0MTllNmUtZWNkMTFkMDY 200
[debug] [2025-04-13T05:28:22.337Z] <<< [apiv2][body] GET https://cloudfunctions.googleapis.com/v1/operations/cHJvamVjdHMvdGVhbXVwYXBwLWI2Y2MxL2xvY2F0aW9ucy91cy1jZW50cmFsMS9vcGVyYXRpb25zL29wZXJhdGlvbi0xNzQ0NTIyMDk5MTQ1LTYzMmEyMzQwNWJiODAtYTM0MTllNmUtZWNkMTFkMDY {"name":"operations/cHJvamVjdHMvdGVhbXVwYXBwLWI2Y2MxL2xvY2F0aW9ucy91cy1jZW50cmFsMS9vcGVyYXRpb25zL29wZXJhdGlvbi0xNzQ0NTIyMDk5MTQ1LTYzMmEyMzQwNWJiODAtYTM0MTllNmUtZWNkMTFkMDY","metadata":{"@type":"type.googleapis.com/google.cloud.functions.v1.OperationMetadataV1","target":"projects/teamupapp-b6cc1/locations/us-central1/functions/sendCustomVerificationEmail","type":"CREATE_FUNCTION","request":{"@type":"type.googleapis.com/google.cloud.functions.v1.CloudFunction","name":"projects/teamupapp-b6cc1/locations/us-central1/functions/sendCustomVerificationEmail","eventTrigger":{"eventType":"providers/firebase.auth/eventTypes/user.create","resource":"projects/teamupapp-b6cc1","failurePolicy":{}},"entryPoint":"sendCustomVerificationEmail","updateTime":"1970-01-01T00:00:00Z","labels":{"deployment-tool":"cli-firebase","firebase-functions-hash":"4e62516283e9571f8501d857d896c953609c0416"},"sourceUploadUrl":"https://storage.googleapis.com/uploads-413945912463.us-central1.cloudfunctions.appspot.com/a4996979-673d-4c4d-8935-5b3c31d6605b.zip?GoogleAccessId=service-1034394758478@gcf-admin-robot.iam.gserviceaccount.com&Expires=1744523897&Signature=FnayW2x0EVdmuVoFRHDpXd9CpofriMGzhtAdtuA6X7QW0oWa5OP8vXDevfWweclJy9WT9YDhI8%2FYy%2BkQ%2F7UonBzglS3SFv6JOS08Vfl7LQDqJk56CCIUvweX4jsHZTI63klQLPx3yo4KQO0yKNMqRYjGMUE0DgydOdI0Tn6KYo1wPKS9aca2vCIixePP9RjRzyPdyuim1zyxDmTixGhqBmmDOiHSp90oYzK65VipnwjC50%2BrLjuzN0FnrGfbi1pMKYVGrVw8QRkwegfODp%2BZhZ%2BYeC%2BcFIjblnO9Lk1pInW6bGzgOk1yo%2F2A6f%2BFG5Hxoj0CAfX7NsKlqSvC%2FjWuHA%3D%3D","environmentVariables":{"FIREBASE_CONFIG":"{\"projectId\":\"teamupapp-b6cc1\",\"storageBucket\":\"teamupapp-b6cc1.firebasestorage.app\"}","GCLOUD_PROJECT":"teamupapp-b6cc1","EVENTARC_CLOUD_EVENT_SOURCE":"projects/teamupapp-b6cc1/locations/us-central1/functions/sendCustomVerificationEmail"},"runtime":"nodejs20","buildEnvironmentVariables":{"GOOGLE_NODE_RUN_SCRIPTS":""},"dockerRegistry":"ARTIFACT_REGISTRY"},"versionId":"1","updateTime":"2025-04-13T05:28:20.583448029Z"}}
[debug] [2025-04-13T05:28:23.337Z] [create-default-us-central1-sendCustomVerificationEmail] Retrying task index 0
[debug] [2025-04-13T05:28:23.338Z] Checked if tokens are valid: true, expires at: 1744524594340
[debug] [2025-04-13T05:28:23.338Z] Checked if tokens are valid: true, expires at: 1744524594340
[debug] [2025-04-13T05:28:23.338Z] >>> [apiv2][query] GET https://cloudfunctions.googleapis.com/v1/operations/cHJvamVjdHMvdGVhbXVwYXBwLWI2Y2MxL2xvY2F0aW9ucy91cy1jZW50cmFsMS9vcGVyYXRpb25zL29wZXJhdGlvbi0xNzQ0NTIyMDk5MTQ1LTYzMmEyMzQwNWJiODAtYTM0MTllNmUtZWNkMTFkMDY [none]
[debug] [2025-04-13T05:28:23.769Z] <<< [apiv2][status] GET https://cloudfunctions.googleapis.com/v1/operations/cHJvamVjdHMvdGVhbXVwYXBwLWI2Y2MxL2xvY2F0aW9ucy91cy1jZW50cmFsMS9vcGVyYXRpb25zL29wZXJhdGlvbi0xNzQ0NTIyMDk5MTQ1LTYzMmEyMzQwNWJiODAtYTM0MTllNmUtZWNkMTFkMDY 200
[debug] [2025-04-13T05:28:23.769Z] <<< [apiv2][body] GET https://cloudfunctions.googleapis.com/v1/operations/cHJvamVjdHMvdGVhbXVwYXBwLWI2Y2MxL2xvY2F0aW9ucy91cy1jZW50cmFsMS9vcGVyYXRpb25zL29wZXJhdGlvbi0xNzQ0NTIyMDk5MTQ1LTYzMmEyMzQwNWJiODAtYTM0MTllNmUtZWNkMTFkMDY {"name":"operations/cHJvamVjdHMvdGVhbXVwYXBwLWI2Y2MxL2xvY2F0aW9ucy91cy1jZW50cmFsMS9vcGVyYXRpb25zL29wZXJhdGlvbi0xNzQ0NTIyMDk5MTQ1LTYzMmEyMzQwNWJiODAtYTM0MTllNmUtZWNkMTFkMDY","metadata":{"@type":"type.googleapis.com/google.cloud.functions.v1.OperationMetadataV1","target":"projects/teamupapp-b6cc1/locations/us-central1/functions/sendCustomVerificationEmail","type":"CREATE_FUNCTION","request":{"@type":"type.googleapis.com/google.cloud.functions.v1.CloudFunction","name":"projects/teamupapp-b6cc1/locations/us-central1/functions/sendCustomVerificationEmail","eventTrigger":{"eventType":"providers/firebase.auth/eventTypes/user.create","resource":"projects/teamupapp-b6cc1","failurePolicy":{}},"entryPoint":"sendCustomVerificationEmail","updateTime":"1970-01-01T00:00:00Z","labels":{"deployment-tool":"cli-firebase","firebase-functions-hash":"4e62516283e9571f8501d857d896c953609c0416"},"sourceUploadUrl":"https://storage.googleapis.com/uploads-413945912463.us-central1.cloudfunctions.appspot.com/a4996979-673d-4c4d-8935-5b3c31d6605b.zip?GoogleAccessId=service-1034394758478@gcf-admin-robot.iam.gserviceaccount.com&Expires=1744523897&Signature=FnayW2x0EVdmuVoFRHDpXd9CpofriMGzhtAdtuA6X7QW0oWa5OP8vXDevfWweclJy9WT9YDhI8%2FYy%2BkQ%2F7UonBzglS3SFv6JOS08Vfl7LQDqJk56CCIUvweX4jsHZTI63klQLPx3yo4KQO0yKNMqRYjGMUE0DgydOdI0Tn6KYo1wPKS9aca2vCIixePP9RjRzyPdyuim1zyxDmTixGhqBmmDOiHSp90oYzK65VipnwjC50%2BrLjuzN0FnrGfbi1pMKYVGrVw8QRkwegfODp%2BZhZ%2BYeC%2BcFIjblnO9Lk1pInW6bGzgOk1yo%2F2A6f%2BFG5Hxoj0CAfX7NsKlqSvC%2FjWuHA%3D%3D","environmentVariables":{"FIREBASE_CONFIG":"{\"projectId\":\"teamupapp-b6cc1\",\"storageBucket\":\"teamupapp-b6cc1.firebasestorage.app\"}","GCLOUD_PROJECT":"teamupapp-b6cc1","EVENTARC_CLOUD_EVENT_SOURCE":"projects/teamupapp-b6cc1/locations/us-central1/functions/sendCustomVerificationEmail"},"runtime":"nodejs20","buildEnvironmentVariables":{"GOOGLE_NODE_RUN_SCRIPTS":""},"dockerRegistry":"ARTIFACT_REGISTRY"},"versionId":"1","updateTime":"2025-04-13T05:28:20.583448029Z"}}
[debug] [2025-04-13T05:28:25.770Z] [create-default-us-central1-sendCustomVerificationEmail] Retrying task index 0
[debug] [2025-04-13T05:28:25.771Z] Checked if tokens are valid: true, expires at: 1744524594340
[debug] [2025-04-13T05:28:25.771Z] Checked if tokens are valid: true, expires at: 1744524594340
[debug] [2025-04-13T05:28:25.771Z] >>> [apiv2][query] GET https://cloudfunctions.googleapis.com/v1/operations/cHJvamVjdHMvdGVhbXVwYXBwLWI2Y2MxL2xvY2F0aW9ucy91cy1jZW50cmFsMS9vcGVyYXRpb25zL29wZXJhdGlvbi0xNzQ0NTIyMDk5MTQ1LTYzMmEyMzQwNWJiODAtYTM0MTllNmUtZWNkMTFkMDY [none]
[debug] [2025-04-13T05:28:26.081Z] <<< [apiv2][status] GET https://cloudfunctions.googleapis.com/v1/operations/cHJvamVjdHMvdGVhbXVwYXBwLWI2Y2MxL2xvY2F0aW9ucy91cy1jZW50cmFsMS9vcGVyYXRpb25zL29wZXJhdGlvbi0xNzQ0NTIyMDk5MTQ1LTYzMmEyMzQwNWJiODAtYTM0MTllNmUtZWNkMTFkMDY 200
[debug] [2025-04-13T05:28:26.081Z] <<< [apiv2][body] GET https://cloudfunctions.googleapis.com/v1/operations/cHJvamVjdHMvdGVhbXVwYXBwLWI2Y2MxL2xvY2F0aW9ucy91cy1jZW50cmFsMS9vcGVyYXRpb25zL29wZXJhdGlvbi0xNzQ0NTIyMDk5MTQ1LTYzMmEyMzQwNWJiODAtYTM0MTllNmUtZWNkMTFkMDY {"name":"operations/cHJvamVjdHMvdGVhbXVwYXBwLWI2Y2MxL2xvY2F0aW9ucy91cy1jZW50cmFsMS9vcGVyYXRpb25zL29wZXJhdGlvbi0xNzQ0NTIyMDk5MTQ1LTYzMmEyMzQwNWJiODAtYTM0MTllNmUtZWNkMTFkMDY","metadata":{"@type":"type.googleapis.com/google.cloud.functions.v1.OperationMetadataV1","target":"projects/teamupapp-b6cc1/locations/us-central1/functions/sendCustomVerificationEmail","type":"CREATE_FUNCTION","request":{"@type":"type.googleapis.com/google.cloud.functions.v1.CloudFunction","name":"projects/teamupapp-b6cc1/locations/us-central1/functions/sendCustomVerificationEmail","eventTrigger":{"eventType":"providers/firebase.auth/eventTypes/user.create","resource":"projects/teamupapp-b6cc1","failurePolicy":{}},"entryPoint":"sendCustomVerificationEmail","updateTime":"1970-01-01T00:00:00Z","labels":{"deployment-tool":"cli-firebase","firebase-functions-hash":"4e62516283e9571f8501d857d896c953609c0416"},"sourceUploadUrl":"https://storage.googleapis.com/uploads-413945912463.us-central1.cloudfunctions.appspot.com/a4996979-673d-4c4d-8935-5b3c31d6605b.zip?GoogleAccessId=service-1034394758478@gcf-admin-robot.iam.gserviceaccount.com&Expires=1744523897&Signature=FnayW2x0EVdmuVoFRHDpXd9CpofriMGzhtAdtuA6X7QW0oWa5OP8vXDevfWweclJy9WT9YDhI8%2FYy%2BkQ%2F7UonBzglS3SFv6JOS08Vfl7LQDqJk56CCIUvweX4jsHZTI63klQLPx3yo4KQO0yKNMqRYjGMUE0DgydOdI0Tn6KYo1wPKS9aca2vCIixePP9RjRzyPdyuim1zyxDmTixGhqBmmDOiHSp90oYzK65VipnwjC50%2BrLjuzN0FnrGfbi1pMKYVGrVw8QRkwegfODp%2BZhZ%2BYeC%2BcFIjblnO9Lk1pInW6bGzgOk1yo%2F2A6f%2BFG5Hxoj0CAfX7NsKlqSvC%2FjWuHA%3D%3D","environmentVariables":{"FIREBASE_CONFIG":"{\"projectId\":\"teamupapp-b6cc1\",\"storageBucket\":\"teamupapp-b6cc1.firebasestorage.app\"}","GCLOUD_PROJECT":"teamupapp-b6cc1","EVENTARC_CLOUD_EVENT_SOURCE":"projects/teamupapp-b6cc1/locations/us-central1/functions/sendCustomVerificationEmail"},"runtime":"nodejs20","buildEnvironmentVariables":{"GOOGLE_NODE_RUN_SCRIPTS":""},"dockerRegistry":"ARTIFACT_REGISTRY"},"versionId":"1","updateTime":"2025-04-13T05:28:20.583448029Z"}}
[debug] [2025-04-13T05:28:30.081Z] [create-default-us-central1-sendCustomVerificationEmail] Retrying task index 0
[debug] [2025-04-13T05:28:30.082Z] Checked if tokens are valid: true, expires at: 1744524594340
[debug] [2025-04-13T05:28:30.082Z] Checked if tokens are valid: true, expires at: 1744524594340
[debug] [2025-04-13T05:28:30.082Z] >>> [apiv2][query] GET https://cloudfunctions.googleapis.com/v1/operations/cHJvamVjdHMvdGVhbXVwYXBwLWI2Y2MxL2xvY2F0aW9ucy91cy1jZW50cmFsMS9vcGVyYXRpb25zL29wZXJhdGlvbi0xNzQ0NTIyMDk5MTQ1LTYzMmEyMzQwNWJiODAtYTM0MTllNmUtZWNkMTFkMDY [none]
[debug] [2025-04-13T05:28:30.433Z] <<< [apiv2][status] GET https://cloudfunctions.googleapis.com/v1/operations/cHJvamVjdHMvdGVhbXVwYXBwLWI2Y2MxL2xvY2F0aW9ucy91cy1jZW50cmFsMS9vcGVyYXRpb25zL29wZXJhdGlvbi0xNzQ0NTIyMDk5MTQ1LTYzMmEyMzQwNWJiODAtYTM0MTllNmUtZWNkMTFkMDY 200
[debug] [2025-04-13T05:28:30.433Z] <<< [apiv2][body] GET https://cloudfunctions.googleapis.com/v1/operations/cHJvamVjdHMvdGVhbXVwYXBwLWI2Y2MxL2xvY2F0aW9ucy91cy1jZW50cmFsMS9vcGVyYXRpb25zL29wZXJhdGlvbi0xNzQ0NTIyMDk5MTQ1LTYzMmEyMzQwNWJiODAtYTM0MTllNmUtZWNkMTFkMDY {"name":"operations/cHJvamVjdHMvdGVhbXVwYXBwLWI2Y2MxL2xvY2F0aW9ucy91cy1jZW50cmFsMS9vcGVyYXRpb25zL29wZXJhdGlvbi0xNzQ0NTIyMDk5MTQ1LTYzMmEyMzQwNWJiODAtYTM0MTllNmUtZWNkMTFkMDY","metadata":{"@type":"type.googleapis.com/google.cloud.functions.v1.OperationMetadataV1","target":"projects/teamupapp-b6cc1/locations/us-central1/functions/sendCustomVerificationEmail","type":"CREATE_FUNCTION","request":{"@type":"type.googleapis.com/google.cloud.functions.v1.CloudFunction","name":"projects/teamupapp-b6cc1/locations/us-central1/functions/sendCustomVerificationEmail","eventTrigger":{"eventType":"providers/firebase.auth/eventTypes/user.create","resource":"projects/teamupapp-b6cc1","failurePolicy":{}},"entryPoint":"sendCustomVerificationEmail","updateTime":"1970-01-01T00:00:00Z","labels":{"deployment-tool":"cli-firebase","firebase-functions-hash":"4e62516283e9571f8501d857d896c953609c0416"},"sourceUploadUrl":"https://storage.googleapis.com/uploads-413945912463.us-central1.cloudfunctions.appspot.com/a4996979-673d-4c4d-8935-5b3c31d6605b.zip?GoogleAccessId=service-1034394758478@gcf-admin-robot.iam.gserviceaccount.com&Expires=1744523897&Signature=FnayW2x0EVdmuVoFRHDpXd9CpofriMGzhtAdtuA6X7QW0oWa5OP8vXDevfWweclJy9WT9YDhI8%2FYy%2BkQ%2F7UonBzglS3SFv6JOS08Vfl7LQDqJk56CCIUvweX4jsHZTI63klQLPx3yo4KQO0yKNMqRYjGMUE0DgydOdI0Tn6KYo1wPKS9aca2vCIixePP9RjRzyPdyuim1zyxDmTixGhqBmmDOiHSp90oYzK65VipnwjC50%2BrLjuzN0FnrGfbi1pMKYVGrVw8QRkwegfODp%2BZhZ%2BYeC%2BcFIjblnO9Lk1pInW6bGzgOk1yo%2F2A6f%2BFG5Hxoj0CAfX7NsKlqSvC%2FjWuHA%3D%3D","environmentVariables":{"FIREBASE_CONFIG":"{\"projectId\":\"teamupapp-b6cc1\",\"storageBucket\":\"teamupapp-b6cc1.firebasestorage.app\"}","GCLOUD_PROJECT":"teamupapp-b6cc1","EVENTARC_CLOUD_EVENT_SOURCE":"projects/teamupapp-b6cc1/locations/us-central1/functions/sendCustomVerificationEmail"},"runtime":"nodejs20","buildEnvironmentVariables":{"GOOGLE_NODE_RUN_SCRIPTS":""},"dockerRegistry":"ARTIFACT_REGISTRY"},"versionId":"1","updateTime":"2025-04-13T05:28:20.583448029Z"}}
[debug] [2025-04-13T05:28:38.434Z] [create-default-us-central1-sendCustomVerificationEmail] Retrying task index 0
[debug] [2025-04-13T05:28:38.435Z] Checked if tokens are valid: true, expires at: 1744524594340
[debug] [2025-04-13T05:28:38.435Z] Checked if tokens are valid: true, expires at: 1744524594340
[debug] [2025-04-13T05:28:38.435Z] >>> [apiv2][query] GET https://cloudfunctions.googleapis.com/v1/operations/cHJvamVjdHMvdGVhbXVwYXBwLWI2Y2MxL2xvY2F0aW9ucy91cy1jZW50cmFsMS9vcGVyYXRpb25zL29wZXJhdGlvbi0xNzQ0NTIyMDk5MTQ1LTYzMmEyMzQwNWJiODAtYTM0MTllNmUtZWNkMTFkMDY [none]
[debug] [2025-04-13T05:28:38.909Z] <<< [apiv2][status] GET https://cloudfunctions.googleapis.com/v1/operations/cHJvamVjdHMvdGVhbXVwYXBwLWI2Y2MxL2xvY2F0aW9ucy91cy1jZW50cmFsMS9vcGVyYXRpb25zL29wZXJhdGlvbi0xNzQ0NTIyMDk5MTQ1LTYzMmEyMzQwNWJiODAtYTM0MTllNmUtZWNkMTFkMDY 200
[debug] [2025-04-13T05:28:38.909Z] <<< [apiv2][body] GET https://cloudfunctions.googleapis.com/v1/operations/cHJvamVjdHMvdGVhbXVwYXBwLWI2Y2MxL2xvY2F0aW9ucy91cy1jZW50cmFsMS9vcGVyYXRpb25zL29wZXJhdGlvbi0xNzQ0NTIyMDk5MTQ1LTYzMmEyMzQwNWJiODAtYTM0MTllNmUtZWNkMTFkMDY {"name":"operations/cHJvamVjdHMvdGVhbXVwYXBwLWI2Y2MxL2xvY2F0aW9ucy91cy1jZW50cmFsMS9vcGVyYXRpb25zL29wZXJhdGlvbi0xNzQ0NTIyMDk5MTQ1LTYzMmEyMzQwNWJiODAtYTM0MTllNmUtZWNkMTFkMDY","metadata":{"@type":"type.googleapis.com/google.cloud.functions.v1.OperationMetadataV1","target":"projects/teamupapp-b6cc1/locations/us-central1/functions/sendCustomVerificationEmail","type":"CREATE_FUNCTION","request":{"@type":"type.googleapis.com/google.cloud.functions.v1.CloudFunction","name":"projects/teamupapp-b6cc1/locations/us-central1/functions/sendCustomVerificationEmail","eventTrigger":{"eventType":"providers/firebase.auth/eventTypes/user.create","resource":"projects/teamupapp-b6cc1","failurePolicy":{}},"entryPoint":"sendCustomVerificationEmail","updateTime":"1970-01-01T00:00:00Z","labels":{"deployment-tool":"cli-firebase","firebase-functions-hash":"4e62516283e9571f8501d857d896c953609c0416"},"sourceUploadUrl":"https://storage.googleapis.com/uploads-413945912463.us-central1.cloudfunctions.appspot.com/a4996979-673d-4c4d-8935-5b3c31d6605b.zip?GoogleAccessId=service-1034394758478@gcf-admin-robot.iam.gserviceaccount.com&Expires=1744523897&Signature=FnayW2x0EVdmuVoFRHDpXd9CpofriMGzhtAdtuA6X7QW0oWa5OP8vXDevfWweclJy9WT9YDhI8%2FYy%2BkQ%2F7UonBzglS3SFv6JOS08Vfl7LQDqJk56CCIUvweX4jsHZTI63klQLPx3yo4KQO0yKNMqRYjGMUE0DgydOdI0Tn6KYo1wPKS9aca2vCIixePP9RjRzyPdyuim1zyxDmTixGhqBmmDOiHSp90oYzK65VipnwjC50%2BrLjuzN0FnrGfbi1pMKYVGrVw8QRkwegfODp%2BZhZ%2BYeC%2BcFIjblnO9Lk1pInW6bGzgOk1yo%2F2A6f%2BFG5Hxoj0CAfX7NsKlqSvC%2FjWuHA%3D%3D","environmentVariables":{"FIREBASE_CONFIG":"{\"projectId\":\"teamupapp-b6cc1\",\"storageBucket\":\"teamupapp-b6cc1.firebasestorage.app\"}","GCLOUD_PROJECT":"teamupapp-b6cc1","EVENTARC_CLOUD_EVENT_SOURCE":"projects/teamupapp-b6cc1/locations/us-central1/functions/sendCustomVerificationEmail"},"runtime":"nodejs20","buildEnvironmentVariables":{"GOOGLE_NODE_RUN_SCRIPTS":""},"dockerRegistry":"ARTIFACT_REGISTRY"},"versionId":"1","updateTime":"2025-04-13T05:28:20.583448029Z","buildId":"bbe2251e-a84a-417b-a3f0-51f4730243fc","buildName":"projects/1034394758478/locations/us-central1/builds/bbe2251e-a84a-417b-a3f0-51f4730243fc"}}
